d:\microsoft_visual_studio_saves\udp_client\udp_client\debug\vc140.pdb
d:\microsoft_visual_studio_saves\udp_client\udp_client\debug\vc140.idb
d:\microsoft_visual_studio_saves\udp_client\udp_client\debug\gl3w.obj
d:\microsoft_visual_studio_saves\udp_client\udp_client\debug\implot.obj
d:\microsoft_visual_studio_saves\udp_client\udp_client\debug\implot_demo.obj
d:\microsoft_visual_studio_saves\udp_client\udp_client\debug\implot_items.obj
d:\microsoft_visual_studio_saves\udp_client\udp_client\debug\imgui_impl_glfw.obj
d:\microsoft_visual_studio_saves\udp_client\udp_client\debug\imgui_impl_opengl3.obj
d:\microsoft_visual_studio_saves\udp_client\udp_client\debug\imgui.obj
d:\microsoft_visual_studio_saves\udp_client\udp_client\debug\imgui_demo.obj
d:\microsoft_visual_studio_saves\udp_client\udp_client\debug\imgui_draw.obj
d:\microsoft_visual_studio_saves\udp_client\udp_client\debug\imgui_tables.obj
d:\microsoft_visual_studio_saves\udp_client\udp_client\debug\imgui_widgets.obj
d:\microsoft_visual_studio_saves\udp_client\udp_client\debug\main.obj
d:\microsoft_visual_studio_saves\udp_client\debug\udp_client.ilk
d:\microsoft_visual_studio_saves\udp_client\debug\udp_client.exe
d:\microsoft_visual_studio_saves\udp_client\debug\udp_client.pdb
d:\microsoft_visual_studio_saves\udp_client\udp_client\debug\udp_client.tlog\cl.command.1.tlog
d:\microsoft_visual_studio_saves\udp_client\udp_client\debug\udp_client.tlog\cl.read.1.tlog
d:\microsoft_visual_studio_saves\udp_client\udp_client\debug\udp_client.tlog\cl.write.1.tlog
d:\microsoft_visual_studio_saves\udp_client\udp_client\debug\udp_client.tlog\link.command.1.tlog
d:\microsoft_visual_studio_saves\udp_client\udp_client\debug\udp_client.tlog\link.read.1.tlog
d:\microsoft_visual_studio_saves\udp_client\udp_client\debug\udp_client.tlog\link.write.1.tlog
